app/build/intermediates/manifest_merge_blame_file/release/manifest-merger-blame-release-report.txt
1<?xml version="1.0" encoding="utf-8"?>
2<manifest xmlns:android="http://schemas.android.com/apk/res/android"
3    package="com.Mo7mdSa3ed55.NeverSilent"
4    android:versionCode="1"
5    android:versionName="1.0" >
6
7    <uses-sdk
8        android:minSdkVersion="15"
8-->src\main\AndroidManifest.xml
9        android:targetSdkVersion="29" />
9-->src\main\AndroidManifest.xml
10
11    <uses-permission android:name="android.permission.READ_PHONE_STATE" />
11-->src\main\AndroidManifest.xml:5:5-75
11-->src\main\AndroidManifest.xml:5:22-72
12    <uses-permission android:name="android.permission.FOREGROUND_SERVICE" />
12-->src\main\AndroidManifest.xml:6:5-76
12-->src\main\AndroidManifest.xml:6:22-74
13    <uses-permission android:name="android.permission.READ_CONTACTS" />
13-->src\main\AndroidManifest.xml:7:5-71
13-->src\main\AndroidManifest.xml:7:22-69
14    <uses-permission android:name="android.permission.WAKE_LOCK" />
14-->src\main\AndroidManifest.xml:8:5-68
14-->src\main\AndroidManifest.xml:8:22-65
15    <uses-permission android:name="android.permission.READ_CALL_LOG" />
15-->src\main\AndroidManifest.xml:9:5-71
15-->src\main\AndroidManifest.xml:9:22-69
16
17    <application
17-->src\main\AndroidManifest.xml:11:5-43:19
18        android:allowBackup="true"
18-->src\main\AndroidManifest.xml:12:9-35
19        android:appComponentFactory="androidx.core.app.CoreComponentFactory"
19-->[androidx.core:core:1.1.0] AndroidManifest.xml:24:18-86
20        android:icon="@mipmap/ic_launcher"
20-->src\main\AndroidManifest.xml:13:9-43
21        android:label="@string/app_name"
21-->src\main\AndroidManifest.xml:14:9-41
22        android:supportsRtl="false"
22-->src\main\AndroidManifest.xml:15:9-36
23        android:theme="@style/AppTheme" >
23-->src\main\AndroidManifest.xml:16:9-40
24        <receiver
24-->src\main\AndroidManifest.xml:19:9-26:20
25            android:name="com.Mo7mdSa3ed55.NeverSilent.Restarter"
25-->src\main\AndroidManifest.xml:20:13-66
26            android:enabled="true"
26-->src\main\AndroidManifest.xml:21:13-35
27            android:exported="true" >
27-->src\main\AndroidManifest.xml:22:13-36
28            <intent-filter>
28-->src\main\AndroidManifest.xml:23:13-25:29
29                <action android:name="restartservice" />
29-->src\main\AndroidManifest.xml:24:17-57
29-->src\main\AndroidManifest.xml:24:25-54
30            </intent-filter>
31        </receiver>
32
33        <activity
33-->src\main\AndroidManifest.xml:28:9-36:20
34            android:name="com.Mo7mdSa3ed55.NeverSilent.MainActivity"
34-->src\main\AndroidManifest.xml:29:13-69
35            android:label="@string/app_name" >
35-->src\main\AndroidManifest.xml:30:13-45
36            <intent-filter>
36-->src\main\AndroidManifest.xml:31:13-35:29
37                <action android:name="android.intent.action.MAIN" />
37-->src\main\AndroidManifest.xml:32:17-69
37-->src\main\AndroidManifest.xml:32:25-66
38
39                <category android:name="android.intent.category.LAUNCHER" />
39-->src\main\AndroidManifest.xml:34:17-77
39-->src\main\AndroidManifest.xml:34:27-74
40            </intent-filter>
41        </activity>
42
43        <service
43-->src\main\AndroidManifest.xml:37:9-42:19
44            android:name="com.Mo7mdSa3ed55.NeverSilent.Reoncreate"
44-->src\main\AndroidManifest.xml:38:13-67
45            android:enabled="true"
45-->src\main\AndroidManifest.xml:39:13-35
46            android:exported="false" >
46-->src\main\AndroidManifest.xml:40:13-37
47        </service>
48
49        <provider
49-->[androidx.lifecycle:lifecycle-process:2.2.0] AndroidManifest.xml:25:9-29:43
50            android:name="androidx.lifecycle.ProcessLifecycleOwnerInitializer"
50-->[androidx.lifecycle:lifecycle-process:2.2.0] AndroidManifest.xml:26:13-79
51            android:authorities="com.Mo7mdSa3ed55.NeverSilent.lifecycle-process"
51-->[androidx.lifecycle:lifecycle-process:2.2.0] AndroidManifest.xml:27:13-69
52            android:exported="false"
52-->[androidx.lifecycle:lifecycle-process:2.2.0] AndroidManifest.xml:28:13-37
53            android:multiprocess="true" />
53-->[androidx.lifecycle:lifecycle-process:2.2.0] AndroidManifest.xml:29:13-40
54    </application>
55
56</manifest>